[debug] [2024-03-25T10:26:00.098Z] ----------------------------------------------------------------------
[debug] [2024-03-25T10:26:00.102Z] Command:       C:\Program Files\nodejs\node.exe C:\Users\aa\AppData\Roaming\npm\node_modules\firebase-tools\lib\bin\firebase.js init
[debug] [2024-03-25T10:26:00.102Z] CLI Version:   13.5.2
[debug] [2024-03-25T10:26:00.102Z] Platform:      win32
[debug] [2024-03-25T10:26:00.103Z] Node Version:  v20.10.0
[debug] [2024-03-25T10:26:00.103Z] Time:          Mon Mar 25 2024 15:56:00 GMT+0530 (India Standard Time)
[debug] [2024-03-25T10:26:00.103Z] ----------------------------------------------------------------------
[debug] 
[debug] [2024-03-25T10:26:00.204Z] > command requires scopes: ["email","openid","https://www.googleapis.com/auth/cloudplatformprojects.readonly","https://www.googleapis.com/auth/firebase","https://www.googleapis.com/auth/cloud-platform"]
[debug] [2024-03-25T10:26:00.204Z] > authorizing via signed-in user (sandhyakonda971@gmail.com)
[info] 
     ######## #### ########  ######## ########     ###     ######  ########
     ##        ##  ##     ## ##       ##     ##  ##   ##  ##       ##
     ######    ##  ########  ######   ########  #########  ######  ######
     ##        ##  ##    ##  ##       ##     ## ##     ##       ## ##
     ##       #### ##     ## ######## ########  ##     ##  ######  ########

You're about to initialize a Firebase project in this directory:

  C:\Users\aa\Desktop\95r-10kcoders-assingment\95-R-10kcoders\React\netflix-clone\my-app

Before we get started, keep in mind:

  * You are initializing within an existing Firebase project directory

[info] 
=== Project Setup
[info] 
[info] First, let's associate this project directory with a Firebase project.
[info] You can create multiple project aliases by running firebase use --add, 
[info] but for now we'll just set up a default project.
[info] 
[debug] [2024-03-25T10:26:30.162Z] Using project from CLI flag: netflixclone-8dbb3
[debug] [2024-03-25T10:26:30.168Z] >>> [apiv2][query] GET https://firebase.googleapis.com/v1beta1/projects/netflixclone-8dbb3 [none]
[debug] [2024-03-25T10:26:31.199Z] <<< [apiv2][status] GET https://firebase.googleapis.com/v1beta1/projects/netflixclone-8dbb3 200
[debug] [2024-03-25T10:26:31.200Z] <<< [apiv2][body] GET https://firebase.googleapis.com/v1beta1/projects/netflixclone-8dbb3 {"projectId":"netflixclone-8dbb3","projectNumber":"1010015917840","displayName":"Netflixclone","name":"projects/netflixclone-8dbb3","resources":{"hostingSite":"netflixclone-8dbb3","realtimeDatabaseInstance":"netflixclone-8dbb3-default-rtdb"},"state":"ACTIVE","etag":"1_4214bff7-51c8-4fdf-80f7-b0084f99c0a3"}
[info] i  Using project netflixclone-8dbb3 (Netflixclone) 
[info] 
=== Hosting Setup
[debug] [2024-03-25T10:26:31.222Z] >>> [apiv2][query] GET https://firebase.googleapis.com/v1beta1/projects/netflixclone-8dbb3 [none]
[debug] [2024-03-25T10:26:31.576Z] <<< [apiv2][status] GET https://firebase.googleapis.com/v1beta1/projects/netflixclone-8dbb3 200
[debug] [2024-03-25T10:26:31.576Z] <<< [apiv2][body] GET https://firebase.googleapis.com/v1beta1/projects/netflixclone-8dbb3 {"projectId":"netflixclone-8dbb3","projectNumber":"1010015917840","displayName":"Netflixclone","name":"projects/netflixclone-8dbb3","resources":{"hostingSite":"netflixclone-8dbb3","realtimeDatabaseInstance":"netflixclone-8dbb3-default-rtdb"},"state":"ACTIVE","etag":"1_4214bff7-51c8-4fdf-80f7-b0084f99c0a3"}
[info] 
[info] Your public directory is the folder (relative to your project directory) that
[info] will contain Hosting assets to be uploaded with firebase deploy. If you
[info] have a build process for your assets, use your build's output directory.
[info] 
